rm -f analysis.o exe_ana
g++ -O2 -Wall -std=c++17 -pthread -std=c++17 -m64 -I/usr/include/root -c analysis.cc -o analysis.o
g++ -O2 -Wall -std=c++17 analysis.o -o exe_ana -L/usr/lib64/root -lGui -lCore -lImt -lRIO -lNet -lHist -lGraf -lGraf3d -lGpad -lROOTVecOps -lTree -lTreePlayer -lRint -lPostscript -lMatrix -lPhysics -lMathCore -lThread -lROOTNTuple -lMultiProc -lROOTDataFrame -lROOTNTupleUtil -pthread -lm -ldl -rdynamic
./exe_ana
Fit for TOTEM20.root
****************************************
Minimizer is Minuit2 / Migrad
Chi2                      =      2129.69
NDf                       =           23
Edm                       =  1.67686e-08
NCalls                    =           64
Constant                  =      36835.3   +/-   62.5309     
Mean                      =  0.000748647   +/-   0.000850898 
Sigma                     =     0.631906   +/-   0.00131357   	 (limited)
Fit for TOTEM21.root
****************************************
Minimizer is Minuit2 / Migrad
Chi2                      =      2195.85
NDf                       =           23
Edm                       =  6.83607e-07
NCalls                    =           81
Constant                  =      37321.5   +/-   62.9516     
Mean                      = -0.000568171   +/-   0.00100295  
Sigma                     =     0.631552   +/-   0.00130215   	 (limited)
Fit for TOTEM22.root
****************************************
Minimizer is Minuit2 / Migrad
Chi2                      =      1968.14
NDf                       =           23
Edm                       =  1.67222e-06
NCalls                    =           81
Constant                  =        36812   +/-   62.5407     
Mean                      =  0.000271641   +/-   0.00100652  
Sigma                     =     0.630036   +/-   0.00130368   	 (limited)
Fit for TOTEM23.root
****************************************
Minimizer is Minuit2 / Migrad
Chi2                      =      1974.71
NDf                       =           23
Edm                       =  3.43114e-07
NCalls                    =           82
Constant                  =        36594   +/-   62.3523     
Mean                      = -0.000960383   +/-   0.00101114  
Sigma                     =     0.630765   +/-   0.00131145   	 (limited)
Fit for TOTEM40.root
****************************************
Minimizer is Minuit2 / Migrad
Chi2                      =      1849.34
NDf                       =           23
Edm                       =  6.07852e-07
NCalls                    =           81
Constant                  =      38834.7   +/-   64.114      
Mean                      =  0.000530779   +/-   0.000981694 
Sigma                     =     0.630849   +/-   0.0012687    	 (limited)
Fit for TOTEM41.root
****************************************
Minimizer is Minuit2 / Migrad
Chi2                      =      1903.95
NDf                       =           23
Edm                       =  2.15987e-07
NCalls                    =           82
Constant                  =      38660.7   +/-   63.9229     
Mean                      = -0.000227338   +/-   0.000994333 
Sigma                     =     0.635654   +/-   0.0012954    	 (limited)
Fit for TOTEM42.root
****************************************
Minimizer is Minuit2 / Migrad
Chi2                      =      1903.62
NDf                       =           23
Edm                       =  1.73284e-06
NCalls                    =           81
Constant                  =      38721.3   +/-   64.0081     
Mean                      =  -0.00113664   +/-   0.000989358 
Sigma                     =     0.633725   +/-   0.00128544   	 (limited)
Fit for TOTEM43.root
****************************************
Minimizer is Minuit2 / Migrad
Chi2                      =      1868.98
NDf                       =           23
Edm                       =  1.44014e-06
NCalls                    =           81
Constant                  =      38776.9   +/-   64.0478     
Mean                      =   0.00093503   +/-   0.000983685 
Sigma                     =     0.631432   +/-   0.001272     	 (limited)
