rm -f analysis.o exe_ana
g++ -O2 -Wall -std=c++17 -pthread -std=c++17 -m64 -I/usr/include/root -c analysis.cc -o analysis.o
g++ -O2 -Wall -std=c++17 analysis.o -o exe_ana -L/usr/lib64/root -lGui -lCore -lImt -lRIO -lNet -lHist -lGraf -lGraf3d -lGpad -lROOTVecOps -lTree -lTreePlayer -lRint -lPostscript -lMatrix -lPhysics -lMathCore -lThread -lROOTNTuple -lMultiProc -lROOTDataFrame -lROOTNTupleUtil -pthread -lm -ldl -rdynamic
./exe_ana
Selecting events with all 4 tracks identified as Pi, K or p
Total # of selected events: 1
Total # of Pions in selected events: 3
Total # of Kaons in selected events: 0
Total # of Protons in selected events: 1
Selecting events with all 4 tracks identified as Pi, K or p
Total # of selected events: 0
Total # of Pions in selected events: 0
Total # of Kaons in selected events: 0
Total # of Protons in selected events: 0
Selecting events with all 4 tracks identified as Pi, K or p
Total # of selected events: 4
Total # of Pions in selected events: 16
Total # of Kaons in selected events: 0
Total # of Protons in selected events: 0
Selecting events with all 4 tracks identified as Pi, K or p
Total # of selected events: 5
Total # of Pions in selected events: 20
Total # of Kaons in selected events: 0
Total # of Protons in selected events: 0
Selecting events with all 4 tracks identified as Pi, K or p
Total # of selected events: 0
Total # of Pions in selected events: 0
Total # of Kaons in selected events: 0
Total # of Protons in selected events: 0
Selecting events with all 4 tracks identified as Pi, K or p
Total # of selected events: 0
Total # of Pions in selected events: 0
Total # of Kaons in selected events: 0
Total # of Protons in selected events: 0
Selecting events with all 4 tracks identified as Pi, K or p
Total # of selected events: 0
Total # of Pions in selected events: 0
Total # of Kaons in selected events: 0
Total # of Protons in selected events: 0
Selecting events with all 4 tracks identified as Pi, K or p
Total # of selected events: 0
Total # of Pions in selected events: 0
Total # of Kaons in selected events: 0
Total # of Protons in selected events: 0
